<?xml version="1.0" encoding="UTF-8"?>
<!-- Generated by org.testng.reporters.JUnitXMLReporter -->
<testsuite hostname="ndi-lap-841" ignored="0" name="Default test" tests="14" failures="1" timestamp="2020-10-14T14:48:12 IST" time="35.78" errors="0">
  <testcase name="@AfterMethod afterMethod" time="0.041" classname="SelectHotelPF.BaseTestCase">
    <failure type="org.openqa.selenium.NoSuchWindowException" message="no such window: target window already closed
from unknown error: web view not found
  (Session info: chrome=86.0.4240.75)
Build info: version: &amp;apos;4.0.0-alpha-6&amp;apos;, revision: &amp;apos;5f43a29cfc&amp;apos;
System info: host: &amp;apos;NDI-LAP-841&amp;apos;, ip: &amp;apos;192.168.0.77&amp;apos;, os.name: &amp;apos;Windows 10&amp;apos;, os.arch: &amp;apos;amd64&amp;apos;, os.version: &amp;apos;10.0&amp;apos;, java.version: &amp;apos;1.8.0_261&amp;apos;
Driver info: org.openqa.selenium.chrome.ChromeDriver
Capabilities {acceptInsecureCerts: false, browserName: chrome, browserVersion: 86.0.4240.75, chrome: {chromedriverVersion: 86.0.4240.22 (398b0743353ff..., userDataDir: C:\Users\RAJU~1.NAD\AppData...}, goog:chromeOptions: {debuggerAddress: localhost:50022}, javascriptEnabled: true, networkConnectionEnabled: false, pageLoadStrategy: normal, platform: WINDOWS, platformName: WINDOWS, proxy: Proxy(), setWindowRect: true, strictFileInteractability: false, timeouts: {implicit: 0, pageLoad: 300000, script: 30000}, unhandledPromptBehavior: dismiss and notify, webauthn:virtualAuthenticators: true}
Session ID: 06bc83b2013fcd3a616afe6507e5d2c5">
      <![CDATA[org.openqa.selenium.NoSuchWindowException: no such window: target window already closed
from unknown error: web view not found
  (Session info: chrome=86.0.4240.75)
Build info: version: '4.0.0-alpha-6', revision: '5f43a29cfc'
System info: host: 'NDI-LAP-841', ip: '192.168.0.77', os.name: 'Windows 10', os.arch: 'amd64', os.version: '10.0', java.version: '1.8.0_261'
Driver info: org.openqa.selenium.chrome.ChromeDriver
Capabilities {acceptInsecureCerts: false, browserName: chrome, browserVersion: 86.0.4240.75, chrome: {chromedriverVersion: 86.0.4240.22 (398b0743353ff..., userDataDir: C:\Users\RAJU~1.NAD\AppData...}, goog:chromeOptions: {debuggerAddress: localhost:50022}, javascriptEnabled: true, networkConnectionEnabled: false, pageLoadStrategy: normal, platform: WINDOWS, platformName: WINDOWS, proxy: Proxy(), setWindowRect: true, strictFileInteractability: false, timeouts: {implicit: 0, pageLoad: 300000, script: 30000}, unhandledPromptBehavior: dismiss and notify, webauthn:virtualAuthenticators: true}
Session ID: 06bc83b2013fcd3a616afe6507e5d2c5
at sun.reflect.NativeConstructorAccessorImpl.newInstance0(Native Method)
at sun.reflect.NativeConstructorAccessorImpl.newInstance(Unknown Source)
at sun.reflect.DelegatingConstructorAccessorImpl.newInstance(Unknown Source)
at java.lang.reflect.Constructor.newInstance(Unknown Source)
at org.openqa.selenium.remote.codec.w3c.W3CHttpResponseCodec.createException(W3CHttpResponseCodec.java:196)
at org.openqa.selenium.remote.codec.w3c.W3CHttpResponseCodec.decode(W3CHttpResponseCodec.java:129)
at org.openqa.selenium.remote.codec.w3c.W3CHttpResponseCodec.decode(W3CHttpResponseCodec.java:53)
at org.openqa.selenium.remote.HttpCommandExecutor.execute(HttpCommandExecutor.java:160)
at org.openqa.selenium.remote.service.DriverCommandExecutor.execute(DriverCommandExecutor.java:83)
at org.openqa.selenium.remote.RemoteWebDriver.execute(RemoteWebDriver.java:582)
at org.openqa.selenium.remote.RemoteWebDriver.execute(RemoteWebDriver.java:639)
at org.openqa.selenium.remote.RemoteWebDriver.execute(RemoteWebDriver.java:643)
at org.openqa.selenium.remote.RemoteWebDriver.getScreenshotAs(RemoteWebDriver.java:303)
at SelectHotelPF.BaseTestCase.captureScreenshot(BaseTestCase.java:133)
at SelectHotelPF.BaseTestCase.afterMethod(BaseTestCase.java:114)
at sun.reflect.NativeMethodAccessorImpl.invoke0(Native Method)
at sun.reflect.NativeMethodAccessorImpl.invoke(Unknown Source)
at sun.reflect.DelegatingMethodAccessorImpl.invoke(Unknown Source)
at java.lang.reflect.Method.invoke(Unknown Source)
at org.testng.internal.MethodInvocationHelper.invokeMethod(MethodInvocationHelper.java:133)
at org.testng.internal.MethodInvocationHelper.invokeMethodConsideringTimeout(MethodInvocationHelper.java:62)
at org.testng.internal.ConfigInvoker.invokeConfigurationMethod(ConfigInvoker.java:340)
at org.testng.internal.ConfigInvoker.invokeConfigurations(ConfigInvoker.java:294)
at org.testng.internal.TestInvoker.runConfigMethods(TestInvoker.java:683)
at org.testng.internal.TestInvoker.runAfterGroupsConfigurations(TestInvoker.java:658)
at org.testng.internal.TestInvoker.invokeMethod(TestInvoker.java:642)
at org.testng.internal.TestInvoker.invokeTestMethod(TestInvoker.java:172)
at org.testng.internal.MethodRunner.runInSequence(MethodRunner.java:46)
at org.testng.internal.TestInvoker$MethodInvocationAgent.invoke(TestInvoker.java:804)
at org.testng.internal.TestInvoker.invokeTestMethods(TestInvoker.java:145)
at org.testng.internal.TestMethodWorker.invokeTestMethods(TestMethodWorker.java:146)
at org.testng.internal.TestMethodWorker.run(TestMethodWorker.java:128)
at java.util.ArrayList.forEach(Unknown Source)
at org.testng.TestRunner.privateRun(TestRunner.java:770)
at org.testng.TestRunner.run(TestRunner.java:591)
at org.testng.SuiteRunner.runTest(SuiteRunner.java:402)
at org.testng.SuiteRunner.runSequentially(SuiteRunner.java:396)
at org.testng.SuiteRunner.privateRun(SuiteRunner.java:355)
at org.testng.SuiteRunner.run(SuiteRunner.java:304)
at org.testng.SuiteRunnerWorker.runSuite(SuiteRunnerWorker.java:53)
at org.testng.SuiteRunnerWorker.run(SuiteRunnerWorker.java:96)
at org.testng.TestNG.runSuitesSequentially(TestNG.java:1180)
at org.testng.TestNG.runSuitesLocally(TestNG.java:1102)
at org.testng.TestNG.runSuites(TestNG.java:1032)
at org.testng.TestNG.run(TestNG.java:1000)
at org.testng.remote.AbstractRemoteTestNG.run(AbstractRemoteTestNG.java:115)
at org.testng.remote.RemoteTestNG.initAndRun(RemoteTestNG.java:251)
at org.testng.remote.RemoteTestNG.main(RemoteTestNG.java:77)
]]>
    </failure>
  </testcase> <!-- @AfterMethod afterMethod -->
  <testcase name="@BeforeMethod beforMethod" time="-1.60266708948E9" classname="SelectHotelPF.BaseTestCase">
    <skipped/>
  </testcase> <!-- @BeforeMethod beforMethod -->
  <testcase name="@AfterMethod afterMethod" time="-1.602667089522E9" classname="SelectHotelPF.BaseTestCase">
    <skipped/>
  </testcase> <!-- @AfterMethod afterMethod -->
  <testcase name="@BeforeMethod beforMethod" time="-1.60266708953E9" classname="SelectHotelPF.BaseTestCase">
    <skipped/>
  </testcase> <!-- @BeforeMethod beforMethod -->
  <testcase name="@AfterMethod afterMethod" time="-1.602667089571E9" classname="SelectHotelPF.BaseTestCase">
    <skipped/>
  </testcase> <!-- @AfterMethod afterMethod -->
  <testcase name="@BeforeMethod beforMethod" time="-1.602667089599E9" classname="SelectHotelPF.BaseTestCase">
    <skipped/>
  </testcase> <!-- @BeforeMethod beforMethod -->
  <testcase name="@AfterMethod afterMethod" time="-1.602667089621E9" classname="SelectHotelPF.BaseTestCase">
    <skipped/>
  </testcase> <!-- @AfterMethod afterMethod -->
  <testcase name="@BeforeMethod beforMethod" time="-1.602667089626E9" classname="SelectHotelPF.BaseTestCase">
    <skipped/>
  </testcase> <!-- @BeforeMethod beforMethod -->
  <testcase name="@AfterMethod afterMethod" time="-1.602667089641E9" classname="SelectHotelPF.BaseTestCase">
    <skipped/>
  </testcase> <!-- @AfterMethod afterMethod -->
  <testcase name="@BeforeMethod beforMethod" time="-1.60266708965E9" classname="SelectHotelPF.BaseTestCase">
    <skipped/>
  </testcase> <!-- @BeforeMethod beforMethod -->
  <testcase name="@AfterMethod afterMethod" time="-1.602667089684E9" classname="SelectHotelPF.BaseTestCase">
    <skipped/>
  </testcase> <!-- @AfterMethod afterMethod -->
  <testcase name="@BeforeMethod beforMethod" time="-1.602667089702E9" classname="SelectHotelPF.BaseTestCase">
    <skipped/>
  </testcase> <!-- @BeforeMethod beforMethod -->
  <testcase name="@AfterMethod afterMethod" time="-1.602667089726E9" classname="SelectHotelPF.BaseTestCase">
    <skipped/>
  </testcase> <!-- @AfterMethod afterMethod -->
  <testcase name="@BeforeMethod beforMethod" time="-1.602667089739E9" classname="SelectHotelPF.BaseTestCase">
    <skipped/>
  </testcase> <!-- @BeforeMethod beforMethod -->
  <testcase name="@AfterMethod afterMethod" time="-1.602667089762E9" classname="SelectHotelPF.BaseTestCase">
    <skipped/>
  </testcase> <!-- @AfterMethod afterMethod -->
  <testcase name="@BeforeMethod beforMethod" time="-1.60266708977E9" classname="SelectHotelPF.BaseTestCase">
    <skipped/>
  </testcase> <!-- @BeforeMethod beforMethod -->
  <testcase name="@AfterMethod afterMethod" time="-1.602667089793E9" classname="SelectHotelPF.BaseTestCase">
    <skipped/>
  </testcase> <!-- @AfterMethod afterMethod -->
  <testcase name="@BeforeMethod beforMethod" time="-1.602667089797E9" classname="SelectHotelPF.BaseTestCase">
    <skipped/>
  </testcase> <!-- @BeforeMethod beforMethod -->
  <testcase name="@AfterMethod afterMethod" time="-1.602667089811E9" classname="SelectHotelPF.BaseTestCase">
    <skipped/>
  </testcase> <!-- @AfterMethod afterMethod -->
  <testcase name="@BeforeMethod beforMethod" time="-1.602667089816E9" classname="SelectHotelPF.BaseTestCase">
    <skipped/>
  </testcase> <!-- @BeforeMethod beforMethod -->
  <testcase name="@AfterMethod afterMethod" time="-1.60266708983E9" classname="SelectHotelPF.BaseTestCase">
    <skipped/>
  </testcase> <!-- @AfterMethod afterMethod -->
  <testcase name="@BeforeMethod beforMethod" time="-1.602667089836E9" classname="SelectHotelPF.BaseTestCase">
    <skipped/>
  </testcase> <!-- @BeforeMethod beforMethod -->
  <testcase name="@AfterMethod afterMethod" time="-1.602667089849E9" classname="SelectHotelPF.BaseTestCase">
    <skipped/>
  </testcase> <!-- @AfterMethod afterMethod -->
  <testcase name="@BeforeMethod beforMethod" time="-1.602667089856E9" classname="SelectHotelPF.BaseTestCase">
    <skipped/>
  </testcase> <!-- @BeforeMethod beforMethod -->
  <testcase name="@AfterMethod afterMethod" time="-1.602667089968E9" classname="SelectHotelPF.BaseTestCase">
    <skipped/>
  </testcase> <!-- @AfterMethod afterMethod -->
  <testcase name="verifytitle" time="0.311" classname="SelectHotelTC.HomePageTC1"/>
  <testcase name="verifyAllFields" time="20.007" classname="SelectHotelTC.HomePageTC1">
    <failure type="org.openqa.selenium.NoSuchWindowException" message="no such window: target window already closed
from unknown error: web view not found
  (Session info: chrome=86.0.4240.75)
Build info: version: &amp;apos;4.0.0-alpha-6&amp;apos;, revision: &amp;apos;5f43a29cfc&amp;apos;
System info: host: &amp;apos;NDI-LAP-841&amp;apos;, ip: &amp;apos;192.168.0.77&amp;apos;, os.name: &amp;apos;Windows 10&amp;apos;, os.arch: &amp;apos;amd64&amp;apos;, os.version: &amp;apos;10.0&amp;apos;, java.version: &amp;apos;1.8.0_261&amp;apos;
Driver info: org.openqa.selenium.chrome.ChromeDriver
Capabilities {acceptInsecureCerts: false, browserName: chrome, browserVersion: 86.0.4240.75, chrome: {chromedriverVersion: 86.0.4240.22 (398b0743353ff..., userDataDir: C:\Users\RAJU~1.NAD\AppData...}, goog:chromeOptions: {debuggerAddress: localhost:50022}, javascriptEnabled: true, networkConnectionEnabled: false, pageLoadStrategy: normal, platform: WINDOWS, platformName: WINDOWS, proxy: Proxy(), setWindowRect: true, strictFileInteractability: false, timeouts: {implicit: 0, pageLoad: 300000, script: 30000}, unhandledPromptBehavior: dismiss and notify, webauthn:virtualAuthenticators: true}
Session ID: 06bc83b2013fcd3a616afe6507e5d2c5
*** Element info: {Using=xpath, value=//*[@id=&amp;quot;one&amp;quot;]}">
      <![CDATA[org.openqa.selenium.NoSuchWindowException: no such window: target window already closed
from unknown error: web view not found
  (Session info: chrome=86.0.4240.75)
Build info: version: '4.0.0-alpha-6', revision: '5f43a29cfc'
System info: host: 'NDI-LAP-841', ip: '192.168.0.77', os.name: 'Windows 10', os.arch: 'amd64', os.version: '10.0', java.version: '1.8.0_261'
Driver info: org.openqa.selenium.chrome.ChromeDriver
Capabilities {acceptInsecureCerts: false, browserName: chrome, browserVersion: 86.0.4240.75, chrome: {chromedriverVersion: 86.0.4240.22 (398b0743353ff..., userDataDir: C:\Users\RAJU~1.NAD\AppData...}, goog:chromeOptions: {debuggerAddress: localhost:50022}, javascriptEnabled: true, networkConnectionEnabled: false, pageLoadStrategy: normal, platform: WINDOWS, platformName: WINDOWS, proxy: Proxy(), setWindowRect: true, strictFileInteractability: false, timeouts: {implicit: 0, pageLoad: 300000, script: 30000}, unhandledPromptBehavior: dismiss and notify, webauthn:virtualAuthenticators: true}
Session ID: 06bc83b2013fcd3a616afe6507e5d2c5
*** Element info: {Using=xpath, value=//*[@id="one"]}
at sun.reflect.NativeConstructorAccessorImpl.newInstance0(Native Method)
at sun.reflect.NativeConstructorAccessorImpl.newInstance(Unknown Source)
at sun.reflect.DelegatingConstructorAccessorImpl.newInstance(Unknown Source)
at java.lang.reflect.Constructor.newInstance(Unknown Source)
at org.openqa.selenium.remote.codec.w3c.W3CHttpResponseCodec.createException(W3CHttpResponseCodec.java:196)
at org.openqa.selenium.remote.codec.w3c.W3CHttpResponseCodec.decode(W3CHttpResponseCodec.java:129)
at org.openqa.selenium.remote.codec.w3c.W3CHttpResponseCodec.decode(W3CHttpResponseCodec.java:53)
at org.openqa.selenium.remote.HttpCommandExecutor.execute(HttpCommandExecutor.java:160)
at org.openqa.selenium.remote.service.DriverCommandExecutor.execute(DriverCommandExecutor.java:83)
at org.openqa.selenium.remote.RemoteWebDriver.execute(RemoteWebDriver.java:582)
at org.openqa.selenium.remote.RemoteWebDriver.findElements(RemoteWebDriver.java:362)
at org.openqa.selenium.remote.RemoteWebDriver.findElementsByXPath(RemoteWebDriver.java:456)
at org.openqa.selenium.By$ByXPath.findElements(By.java:389)
at org.openqa.selenium.remote.RemoteWebDriver.findElements(RemoteWebDriver.java:320)
at SelectHotelPF.HomePagePF.methodFieldsVerification(HomePagePF.java:81)
at SelectHotelTC.HomePageTC1.verifyAllFields(HomePageTC1.java:24)
at sun.reflect.NativeMethodAccessorImpl.invoke0(Native Method)
at sun.reflect.NativeMethodAccessorImpl.invoke(Unknown Source)
at sun.reflect.DelegatingMethodAccessorImpl.invoke(Unknown Source)
at java.lang.reflect.Method.invoke(Unknown Source)
at org.testng.internal.MethodInvocationHelper.invokeMethod(MethodInvocationHelper.java:133)
at org.testng.internal.TestInvoker.invokeMethod(TestInvoker.java:584)
at org.testng.internal.TestInvoker.invokeTestMethod(TestInvoker.java:172)
at org.testng.internal.MethodRunner.runInSequence(MethodRunner.java:46)
at org.testng.internal.TestInvoker$MethodInvocationAgent.invoke(TestInvoker.java:804)
at org.testng.internal.TestInvoker.invokeTestMethods(TestInvoker.java:145)
at org.testng.internal.TestMethodWorker.invokeTestMethods(TestMethodWorker.java:146)
at org.testng.internal.TestMethodWorker.run(TestMethodWorker.java:128)
at java.util.ArrayList.forEach(Unknown Source)
at org.testng.TestRunner.privateRun(TestRunner.java:770)
at org.testng.TestRunner.run(TestRunner.java:591)
at org.testng.SuiteRunner.runTest(SuiteRunner.java:402)
at org.testng.SuiteRunner.runSequentially(SuiteRunner.java:396)
at org.testng.SuiteRunner.privateRun(SuiteRunner.java:355)
at org.testng.SuiteRunner.run(SuiteRunner.java:304)
at org.testng.SuiteRunnerWorker.runSuite(SuiteRunnerWorker.java:53)
at org.testng.SuiteRunnerWorker.run(SuiteRunnerWorker.java:96)
at org.testng.TestNG.runSuitesSequentially(TestNG.java:1180)
at org.testng.TestNG.runSuitesLocally(TestNG.java:1102)
at org.testng.TestNG.runSuites(TestNG.java:1032)
at org.testng.TestNG.run(TestNG.java:1000)
at org.testng.remote.AbstractRemoteTestNG.run(AbstractRemoteTestNG.java:115)
at org.testng.remote.RemoteTestNG.initAndRun(RemoteTestNG.java:251)
at org.testng.remote.RemoteTestNG.main(RemoteTestNG.java:77)
]]>
    </failure>
  </testcase> <!-- verifyAllFields -->
  <testcase name="verifyTextOfAllFields" time="0.0" classname="SelectHotelTC.HomePageTC1">
    <skipped/>
  </testcase> <!-- verifyTextOfAllFields -->
  <testcase name="verifyDefaultSelections" time="0.0" classname="SelectHotelTC.HomePageTC1">
    <skipped/>
  </testcase> <!-- verifyDefaultSelections -->
  <testcase name="verifySelectHotelOptions" time="0.0" classname="SelectHotelTC.HomePageTC1">
    <skipped/>
  </testcase> <!-- verifySelectHotelOptions -->
  <testcase name="verifyRoomTypeOptions" time="0.0" classname="SelectHotelTC.HomePageTC1">
    <skipped/>
  </testcase> <!-- verifyRoomTypeOptions -->
  <testcase name="verifyRoomCategoryOperation1" time="0.0" classname="SelectHotelTC.HomePageTC1">
    <skipped/>
  </testcase> <!-- verifyRoomCategoryOperation1 -->
  <testcase name="verifyRoomCategoryOperation2" time="0.0" classname="SelectHotelTC.HomePageTC1">
    <skipped/>
  </testcase> <!-- verifyRoomCategoryOperation2 -->
  <testcase name="verifyRoomCategoryOperation3" time="0.0" classname="SelectHotelTC.HomePageTC1">
    <skipped/>
  </testcase> <!-- verifyRoomCategoryOperation3 -->
  <testcase name="verifyRoomCategoryOperation4" time="0.0" classname="SelectHotelTC.HomePageTC1">
    <skipped/>
  </testcase> <!-- verifyRoomCategoryOperation4 -->
  <testcase name="verifyRoomCategoryOperation5" time="0.0" classname="SelectHotelTC.HomePageTC1">
    <skipped/>
  </testcase> <!-- verifyRoomCategoryOperation5 -->
  <testcase name="verifyRoomCategoryOperation6" time="0.0" classname="SelectHotelTC.HomePageTC1">
    <skipped/>
  </testcase> <!-- verifyRoomCategoryOperation6 -->
  <testcase name="verifyAmountPerCategory" time="0.0" classname="SelectHotelTC.HomePageTC1">
    <skipped/>
  </testcase> <!-- verifyAmountPerCategory -->
  <testcase name="verifyAdditionalPrice" time="0.0" classname="SelectHotelTC.HomePageTC1">
    <skipped/>
  </testcase> <!-- verifyAdditionalPrice -->
</testsuite> <!-- Default test -->
