<?xml version="1.0" encoding="UTF-8"?>
<!-- Generated by org.testng.reporters.JUnitXMLReporter -->
<testsuite hostname="ndi-lap-841" ignored="3" name="Test Classes" tests="10" failures="2" timestamp="2020-10-14T07:41:36 IST" time="61.483" errors="0">
  <testcase name="@AfterMethod afterMethod" time="0.001" classname="SelectHotelTC.BaseTestCase">
    <failure type="java.lang.NullPointerException">
      <![CDATA[java.lang.NullPointerException
at SelectHotelTC.BaseTestCase.afterMethod(BaseTestCase.java:115)
at java.util.concurrent.ThreadPoolExecutor.runWorker(Unknown Source)
at java.util.concurrent.ThreadPoolExecutor$Worker.run(Unknown Source)
at java.lang.Thread.run(Unknown Source)
... Removed 17 stack frames]]>
    </failure>
  </testcase> <!-- @AfterMethod afterMethod -->
  <testcase name="@BeforeMethod beforMethod" time="-1.60264144065E9" classname="SelectHotelTC.BaseTestCase">
    <skipped/>
  </testcase> <!-- @BeforeMethod beforMethod -->
  <testcase name="@AfterMethod afterMethod" time="-1.602641440655E9" classname="SelectHotelTC.BaseTestCase">
    <skipped/>
  </testcase> <!-- @AfterMethod afterMethod -->
  <testcase name="@BeforeMethod beforMethod" time="-1.602641440656E9" classname="SelectHotelTC.BaseTestCase">
    <skipped/>
  </testcase> <!-- @BeforeMethod beforMethod -->
  <testcase name="@AfterMethod afterMethod" time="-1.60264144066E9" classname="SelectHotelTC.BaseTestCase">
    <skipped/>
  </testcase> <!-- @AfterMethod afterMethod -->
  <testcase name="@BeforeMethod beforMethod" time="-1.602641440663E9" classname="SelectHotelTC.BaseTestCase">
    <skipped/>
  </testcase> <!-- @BeforeMethod beforMethod -->
  <testcase name="@AfterMethod afterMethod" time="-1.602641440668E9" classname="SelectHotelTC.BaseTestCase">
    <skipped/>
  </testcase> <!-- @AfterMethod afterMethod -->
  <testcase name="@BeforeMethod beforMethod" time="-1.602641440669E9" classname="SelectHotelTC.BaseTestCase">
    <skipped/>
  </testcase> <!-- @BeforeMethod beforMethod -->
  <testcase name="@AfterMethod afterMethod" time="-1.602641440673E9" classname="SelectHotelTC.BaseTestCase">
    <skipped/>
  </testcase> <!-- @AfterMethod afterMethod -->
  <testcase name="@BeforeMethod beforMethod" time="-1.602641440675E9" classname="SelectHotelTC.BaseTestCase">
    <skipped/>
  </testcase> <!-- @BeforeMethod beforMethod -->
  <testcase name="@AfterMethod afterMethod" time="-1.602641440679E9" classname="SelectHotelTC.BaseTestCase">
    <skipped/>
  </testcase> <!-- @AfterMethod afterMethod -->
  <testcase name="@BeforeMethod beforMethod" time="-1.602641440681E9" classname="SelectHotelTC.BaseTestCase">
    <skipped/>
  </testcase> <!-- @BeforeMethod beforMethod -->
  <testcase name="@AfterMethod afterMethod" time="-1.602641440685E9" classname="SelectHotelTC.BaseTestCase">
    <skipped/>
  </testcase> <!-- @AfterMethod afterMethod -->
  <testcase name="@AfterMethod afterMethod" time="0.005" classname="SelectHotelTC.BaseTestCase">
    <failure type="org.openqa.selenium.NoSuchWindowException" message="no such window: target window already closed
from unknown error: web view not found
  (Session info: chrome=86.0.4240.75)
Build info: version: &amp;apos;4.0.0-alpha-6&amp;apos;, revision: &amp;apos;5f43a29cfc&amp;apos;
System info: host: &amp;apos;NDI-LAP-841&amp;apos;, ip: &amp;apos;172.20.220.140&amp;apos;, os.name: &amp;apos;Windows 10&amp;apos;, os.arch: &amp;apos;amd64&amp;apos;, os.version: &amp;apos;10.0&amp;apos;, java.version: &amp;apos;1.8.0_261&amp;apos;
Driver info: org.openqa.selenium.chrome.ChromeDriver
Capabilities {acceptInsecureCerts: false, browserName: chrome, browserVersion: 86.0.4240.75, chrome: {chromedriverVersion: 86.0.4240.22 (398b0743353ff..., userDataDir: C:\Users\RAJU~1.NAD\AppData...}, goog:chromeOptions: {debuggerAddress: localhost:63378}, javascriptEnabled: true, networkConnectionEnabled: false, pageLoadStrategy: normal, platform: WINDOWS, platformName: WINDOWS, proxy: Proxy(), setWindowRect: true, strictFileInteractability: false, timeouts: {implicit: 0, pageLoad: 300000, script: 30000}, unhandledPromptBehavior: dismiss and notify, webauthn:virtualAuthenticators: true}
Session ID: b6f9a28d66bdcab6ed075d7e9363f101">
      <![CDATA[org.openqa.selenium.NoSuchWindowException: no such window: target window already closed
from unknown error: web view not found
  (Session info: chrome=86.0.4240.75)
Build info: version: '4.0.0-alpha-6', revision: '5f43a29cfc'
System info: host: 'NDI-LAP-841', ip: '172.20.220.140', os.name: 'Windows 10', os.arch: 'amd64', os.version: '10.0', java.version: '1.8.0_261'
Driver info: org.openqa.selenium.chrome.ChromeDriver
Capabilities {acceptInsecureCerts: false, browserName: chrome, browserVersion: 86.0.4240.75, chrome: {chromedriverVersion: 86.0.4240.22 (398b0743353ff..., userDataDir: C:\Users\RAJU~1.NAD\AppData...}, goog:chromeOptions: {debuggerAddress: localhost:63378}, javascriptEnabled: true, networkConnectionEnabled: false, pageLoadStrategy: normal, platform: WINDOWS, platformName: WINDOWS, proxy: Proxy(), setWindowRect: true, strictFileInteractability: false, timeouts: {implicit: 0, pageLoad: 300000, script: 30000}, unhandledPromptBehavior: dismiss and notify, webauthn:virtualAuthenticators: true}
Session ID: b6f9a28d66bdcab6ed075d7e9363f101
at org.openqa.selenium.remote.codec.w3c.W3CHttpResponseCodec.createException(W3CHttpResponseCodec.java:196)
at org.openqa.selenium.remote.codec.w3c.W3CHttpResponseCodec.decode(W3CHttpResponseCodec.java:129)
at org.openqa.selenium.remote.codec.w3c.W3CHttpResponseCodec.decode(W3CHttpResponseCodec.java:53)
at org.openqa.selenium.remote.HttpCommandExecutor.execute(HttpCommandExecutor.java:160)
at org.openqa.selenium.remote.service.DriverCommandExecutor.execute(DriverCommandExecutor.java:83)
at org.openqa.selenium.remote.RemoteWebDriver.execute(RemoteWebDriver.java:582)
at org.openqa.selenium.remote.RemoteWebDriver.execute(RemoteWebDriver.java:639)
at org.openqa.selenium.remote.RemoteWebDriver.execute(RemoteWebDriver.java:643)
at org.openqa.selenium.remote.RemoteWebDriver.getScreenshotAs(RemoteWebDriver.java:303)
at SelectHotelTC.BaseTestCase.captureScreenshot(BaseTestCase.java:134)
at SelectHotelTC.BaseTestCase.afterMethod(BaseTestCase.java:115)
at java.util.concurrent.ThreadPoolExecutor.runWorker(Unknown Source)
at java.util.concurrent.ThreadPoolExecutor$Worker.run(Unknown Source)
at java.lang.Thread.run(Unknown Source)
... Removed 21 stack frames]]>
    </failure>
  </testcase> <!-- @AfterMethod afterMethod -->
  <testcase name="verifyRoomCategoryOperation1" time="0.006" classname="SelectHotelTC.HomePageTC2">
    <failure type="java.lang.NullPointerException">
      <![CDATA[java.lang.NullPointerException
at SelectHotelTC.HomePageTC2.verifyRoomCategoryOperation1(HomePageTC2.java:22)
at java.util.concurrent.ThreadPoolExecutor.runWorker(Unknown Source)
at java.util.concurrent.ThreadPoolExecutor$Worker.run(Unknown Source)
at java.lang.Thread.run(Unknown Source)
... Removed 12 stack frames]]>
    </failure>
  </testcase> <!-- verifyRoomCategoryOperation1 -->
  <testcase name="verifyRoomCategoryOperation2" time="0.0" classname="SelectHotelTC.HomePageTC2">
    <skipped/>
  </testcase> <!-- verifyRoomCategoryOperation2 -->
  <testcase name="verifyRoomCategoryOperation3" time="0.0" classname="SelectHotelTC.HomePageTC2">
    <skipped/>
  </testcase> <!-- verifyRoomCategoryOperation3 -->
  <testcase name="verifyRoomCategoryOperation4" time="0.0" classname="SelectHotelTC.HomePageTC2">
    <skipped/>
  </testcase> <!-- verifyRoomCategoryOperation4 -->
  <testcase name="verifyRoomCategoryOperation5" time="0.0" classname="SelectHotelTC.HomePageTC2">
    <skipped/>
  </testcase> <!-- verifyRoomCategoryOperation5 -->
  <testcase name="verifyRoomCategoryOperation6" time="0.0" classname="SelectHotelTC.HomePageTC2">
    <skipped/>
  </testcase> <!-- verifyRoomCategoryOperation6 -->
  <testcase name="verifyRoomTypeOptions" time="0.0" classname="SelectHotelTC.HomePageTC2">
    <skipped/>
  </testcase> <!-- verifyRoomTypeOptions -->
  <testcase name="verifyAllFields" time="30.716" classname="SelectHotelTC.HomePageTC1"/>
  <testcase name="verifyTextOfAllFields" time="23.954" classname="SelectHotelTC.HomePageTC1"/>
  <testcase name="verifytitle" time="0.011" classname="SelectHotelTC.HomePageTC1">
    <failure type="org.openqa.selenium.NoSuchWindowException" message="no such window: target window already closed
from unknown error: web view not found
  (Session info: chrome=86.0.4240.75)
Build info: version: &amp;apos;4.0.0-alpha-6&amp;apos;, revision: &amp;apos;5f43a29cfc&amp;apos;
System info: host: &amp;apos;NDI-LAP-841&amp;apos;, ip: &amp;apos;172.20.220.140&amp;apos;, os.name: &amp;apos;Windows 10&amp;apos;, os.arch: &amp;apos;amd64&amp;apos;, os.version: &amp;apos;10.0&amp;apos;, java.version: &amp;apos;1.8.0_261&amp;apos;
Driver info: org.openqa.selenium.chrome.ChromeDriver
Capabilities {acceptInsecureCerts: false, browserName: chrome, browserVersion: 86.0.4240.75, chrome: {chromedriverVersion: 86.0.4240.22 (398b0743353ff..., userDataDir: C:\Users\RAJU~1.NAD\AppData...}, goog:chromeOptions: {debuggerAddress: localhost:63378}, javascriptEnabled: true, networkConnectionEnabled: false, pageLoadStrategy: normal, platform: WINDOWS, platformName: WINDOWS, proxy: Proxy(), setWindowRect: true, strictFileInteractability: false, timeouts: {implicit: 0, pageLoad: 300000, script: 30000}, unhandledPromptBehavior: dismiss and notify, webauthn:virtualAuthenticators: true}
Session ID: b6f9a28d66bdcab6ed075d7e9363f101
*** Element info: {Using=xpath, value=//title}">
      <![CDATA[org.openqa.selenium.NoSuchWindowException: no such window: target window already closed
from unknown error: web view not found
  (Session info: chrome=86.0.4240.75)
Build info: version: '4.0.0-alpha-6', revision: '5f43a29cfc'
System info: host: 'NDI-LAP-841', ip: '172.20.220.140', os.name: 'Windows 10', os.arch: 'amd64', os.version: '10.0', java.version: '1.8.0_261'
Driver info: org.openqa.selenium.chrome.ChromeDriver
Capabilities {acceptInsecureCerts: false, browserName: chrome, browserVersion: 86.0.4240.75, chrome: {chromedriverVersion: 86.0.4240.22 (398b0743353ff..., userDataDir: C:\Users\RAJU~1.NAD\AppData...}, goog:chromeOptions: {debuggerAddress: localhost:63378}, javascriptEnabled: true, networkConnectionEnabled: false, pageLoadStrategy: normal, platform: WINDOWS, platformName: WINDOWS, proxy: Proxy(), setWindowRect: true, strictFileInteractability: false, timeouts: {implicit: 0, pageLoad: 300000, script: 30000}, unhandledPromptBehavior: dismiss and notify, webauthn:virtualAuthenticators: true}
Session ID: b6f9a28d66bdcab6ed075d7e9363f101
*** Element info: {Using=xpath, value=//title}
at org.openqa.selenium.remote.codec.w3c.W3CHttpResponseCodec.createException(W3CHttpResponseCodec.java:196)
at org.openqa.selenium.remote.codec.w3c.W3CHttpResponseCodec.decode(W3CHttpResponseCodec.java:129)
at org.openqa.selenium.remote.codec.w3c.W3CHttpResponseCodec.decode(W3CHttpResponseCodec.java:53)
at org.openqa.selenium.remote.HttpCommandExecutor.execute(HttpCommandExecutor.java:160)
at org.openqa.selenium.remote.service.DriverCommandExecutor.execute(DriverCommandExecutor.java:83)
at org.openqa.selenium.remote.RemoteWebDriver.execute(RemoteWebDriver.java:582)
at org.openqa.selenium.remote.RemoteWebDriver.findElement(RemoteWebDriver.java:333)
at org.openqa.selenium.remote.RemoteWebDriver.findElementByXPath(RemoteWebDriver.java:451)
at org.openqa.selenium.By$ByXPath.findElement(By.java:394)
at org.openqa.selenium.remote.RemoteWebDriver.findElement(RemoteWebDriver.java:325)
at org.openqa.selenium.support.pagefactory.DefaultElementLocator.findElement(DefaultElementLocator.java:70)
at org.openqa.selenium.support.pagefactory.internal.LocatingElementHandler.invoke(LocatingElementHandler.java:39)
at com.sun.proxy.$Proxy17.getAttribute(Unknown Source)
at SelectHotelPF.HomePagePF.isTitleMatched(HomePagePF.java:34)
at SelectHotelTC.HomePageTC1.verifytitle(HomePageTC1.java:17)
at java.util.concurrent.ThreadPoolExecutor.runWorker(Unknown Source)
at java.util.concurrent.ThreadPoolExecutor$Worker.run(Unknown Source)
at java.lang.Thread.run(Unknown Source)
... Removed 16 stack frames]]>
    </failure>
  </testcase> <!-- verifytitle -->
  <testcase name="@BeforeSuite beforesuit" time="0.0" classname="SelectHotelTC.BaseTestCase">
    <ignored/>
  </testcase> <!-- @BeforeSuite beforesuit -->
  <testcase name="@AfterTest afterTest" time="0.0" classname="SelectHotelTC.BaseTestCase">
    <ignored/>
  </testcase> <!-- @AfterTest afterTest -->
  <testcase name="@BeforeTest beforeTest" time="0.0" classname="SelectHotelTC.BaseTestCase">
    <ignored/>
  </testcase> <!-- @BeforeTest beforeTest -->
</testsuite> <!-- Test Classes -->
